23.09.2016 [11:07:30]INFO   ::com.mediacallz.server.Application::main()::Server running on port 8080...
23.09.2016 [11:07:30]INFO   ::com.mediacallz.server.Application::main()::Log level:INFO
23.09.2016 [11:07:45]INFO   ::com.mediacallz.server.filters.RequestLogFilter::doFilter()::Request params:[MESSAGE_INITIATER_ID=0542258808,COMM_ID=1234,APP_VERSION=1.43,SOURCE_ID=0500000000,SOURCE_LOCALE=en,DESTINATION_ID=0542258808,DESTINATION_CONTACT_NAME=Abubu,FILE_PATH_ON_SERVER=E:\Workspaces\MediaCallz_Server\sampleFiles\sample.mp4,SOURCE_WITH_EXTENSION=0500000000.mp4,SPECIAL_MEDIA_TYPE=CALLER_MEDIA,FILE_SIZE=19130092]
23.09.2016 [11:07:45]INFO   ::com.mediacallz.server.database.UsersDataAccessImpl::isRegistered()::[User]:0542258808 is REGISTERED
23.09.2016 [11:07:45]INFO   ::com.mediacallz.server.controllers.DownloadController::downloadFile()::0542258808 is requesting download from:0500000000. File path on server:E:\Workspaces\MediaCallz_Server\sampleFiles\sample.mp4...
23.09.2016 [11:07:45]INFO   ::com.mediacallz.server.controllers.DownloadController::initiateDownload()::MIME type: video/mp4
23.09.2016 [11:07:45]INFO   ::com.mediacallz.server.controllers.DownloadController::initiateDownload()::Initiating data send...
23.09.2016 [11:07:45]INFO   ::com.mediacallz.server.services.BatchPushSender::pushData()::Sending push data:{"push_time":"now","group_id":"general","recipients":{"install_ids":["abcdefg1234567"]},"message":{"title":"Media ready!","body":"Media for Abubu is ready!"},"priority":"high","gcm_collapse_key":{"enabled":false,"key":"default"},"custom_payload":"{\"pushEventAction\":\"TRANSFER_SUCCESS\",\"pushEventData\":\"{\\\"SOURCE_ID\\\":\\\"0500000000\\\",\\\"COMM_ID\\\":\\\"1234\\\",\\\"DESTINATION_ID\\\":\\\"0542258808\\\",\\\"APP_VERSION\\\":\\\"1.43\\\",\\\"FILE_PATH_ON_SERVER\\\":\\\"E:\\\\\\\\Workspaces\\\\\\\\MediaCallz_Server\\\\\\\\sampleFiles\\\\\\\\sample.mp4\\\",\\\"FILE_SIZE\\\":\\\"19130092\\\",\\\"SPECIAL_MEDIA_TYPE\\\":\\\"CALLER_MEDIA\\\",\\\"MESSAGE_INITIATER_ID\\\":\\\"0542258808\\\",\\\"SOURCE_LOCALE\\\":\\\"en\\\",\\\"SOURCE_WITH_EXTENSION\\\":\\\"0500000000.mp4\\\",\\\"DESTINATION_CONTACT_NAME\\\":\\\"Abubu\\\"}\"}"}
23.09.2016 [11:07:46]INFO   ::com.mediacallz.server.services.BatchPushSender::pushData()::Push response:{"token":"93869013-be0b-41c0-856c-c55748244ec0"}
23.09.2016 [11:25:12]INFO   ::com.mediacallz.server.Application::main()::Server running on port 8080...
23.09.2016 [11:25:12]INFO   ::com.mediacallz.server.Application::main()::Log level:INFO
23.09.2016 [11:25:59]INFO   ::com.mediacallz.server.filters.RequestLogFilter::doFilter()::Request params:[{"test":"Testing testing huston"}=]
23.09.2016 [11:25:59]WARNING::com.mediacallz.server.filters.VerifyUserRegisteredFilter::sendForbiddenError()::User null attempted a request in url:http://localhost:8080/v1/DownloadFile but is unregistered. Request was blocked.
23.09.2016 [12:23:05]INFO   ::com.mediacallz.server.Application::main()::Server running on port 8080...
23.09.2016 [12:23:05]INFO   ::com.mediacallz.server.Application::main()::Log level:INFO
23.09.2016 [12:33:40]INFO   ::com.mediacallz.server.Application::main()::Server running on port 8080...
23.09.2016 [12:33:40]INFO   ::com.mediacallz.server.Application::main()::Log level:INFO
23.09.2016 [12:36:24]INFO   ::com.mediacallz.server.Application::main()::Server running on port 8080...
23.09.2016 [12:36:24]INFO   ::com.mediacallz.server.Application::main()::Log level:INFO
23.09.2016 [12:39:54]INFO   ::com.mediacallz.server.Application::main()::Server running on port 8080...
23.09.2016 [12:39:54]INFO   ::com.mediacallz.server.Application::main()::Log level:INFO
23.09.2016 [12:40:40]INFO   ::com.mediacallz.server.database.UsersDataAccessImpl::isRegistered()::[User]:0542258808 is REGISTERED
23.09.2016 [12:40:53]INFO   ::com.mediacallz.server.filters.RequestLogFilter::doFilter()::Request params:[]
23.09.2016 [12:41:10]INFO   ::com.mediacallz.server.controllers.DownloadController::downloadFile()::RequestDownloadFile.getTest()=null
23.09.2016 [12:41:23]SEVERE ::com.mediacallz.server.filters.ErrorHandleFilter::doFilter()::Failed to do filter
23.09.2016 [12:56:15]INFO   ::com.mediacallz.server.Application::main()::Server running on port 8080...
23.09.2016 [12:56:15]INFO   ::com.mediacallz.server.Application::main()::Log level:INFO
23.09.2016 [12:56:26]INFO   ::com.mediacallz.server.database.UsersDataAccessImpl::isRegistered()::[User]:0542258808 is REGISTERED
23.09.2016 [12:56:26]INFO   ::com.mediacallz.server.filters.RequestLogFilter::doFilter()::Request:{"commId":0,"messageInitiaterId":"0542258808"}
23.09.2016 [13:03:35]INFO   ::com.mediacallz.server.Application::main()::Server running on port 8080...
23.09.2016 [13:03:35]INFO   ::com.mediacallz.server.Application::main()::Log level:INFO
23.09.2016 [13:04:21]INFO   ::com.mediacallz.server.database.UsersDataAccessImpl::isRegistered()::[User]:0542258808 is REGISTERED
23.09.2016 [13:04:21]INFO   ::com.mediacallz.server.filters.RequestLogFilter::doFilter()::Request type:[RequestDownloadFile] MessageInitiaterId:[0542258808] Request payload:{"commId":0,"messageInitiaterId":"0542258808","requestType":"RequestDownloadFile"}
23.09.2016 [13:13:34]INFO   ::com.mediacallz.server.Application::main()::Server running on port 8080...
23.09.2016 [13:13:34]INFO   ::com.mediacallz.server.Application::main()::Log level:INFO
23.09.2016 [13:15:49]WARNING::com.mediacallz.server.filters.AuthenticationFilter::sendForbiddenError()::User null attempted a request in url:http://localhost:8080/v1/DownloadFile but is unregistered. Request was blocked.
23.09.2016 [13:22:58]INFO   ::com.mediacallz.server.Application::main()::Server running on port 8080...
23.09.2016 [13:22:58]INFO   ::com.mediacallz.server.Application::main()::Log level:INFO
23.09.2016 [13:23:01]WARNING::com.mediacallz.server.filters.AuthenticationFilter::sendForbiddenError()::User null attempted a request in url:http://localhost:8080/v1/DownloadFile but is unregistered. Request was blocked.
23.09.2016 [13:24:40]WARNING::com.mediacallz.server.filters.AuthenticationFilter::sendForbiddenError()::User null attempted a request in url:http://localhost:8080/v1/DownloadFile but is unregistered. Request was blocked.
23.09.2016 [13:26:12]INFO   ::com.mediacallz.server.Application::main()::Server running on port 8080...
23.09.2016 [13:26:12]INFO   ::com.mediacallz.server.Application::main()::Log level:INFO
23.09.2016 [13:26:20]WARNING::com.mediacallz.server.filters.AuthenticationFilter::sendForbiddenError()::User 0:0:0:0:0:0:0:1 attempted a request in url:http://localhost:8080/v1/DownloadFile but is unregistered. Request was blocked.
23.09.2016 [13:32:28]INFO   ::com.mediacallz.server.Application::main()::Server running on port 8080...
23.09.2016 [13:32:28]INFO   ::com.mediacallz.server.Application::main()::Log level:INFO
23.09.2016 [13:32:30]WARNING::com.mediacallz.server.filters.AuthenticationFilter::sendForbiddenError()::User 0:0:0:0:0:0:0:1 attempted a request in url:http://localhost:8080/v1/DownloadFile but is unregistered. Request was blocked.
23.09.2016 [13:33:08]INFO   ::com.mediacallz.server.database.UsersDataAccessImpl::isRegistered()::[User]:0542258808 is REGISTERED
23.09.2016 [13:33:08]INFO   ::com.mediacallz.server.filters.RequestLogFilter::doFilter()::Request type:[null], MessageInitiaterId:[0542258808], Request payload:{
	"messageInitiaterId": "0542258808"
}
23.09.2016 [13:57:22]INFO   ::com.mediacallz.server.Application::main()::Server running on port 8080...
23.09.2016 [13:57:22]INFO   ::com.mediacallz.server.Application::main()::Log level:INFO
23.09.2016 [13:57:30]INFO   ::com.mediacallz.server.filters.RequestLogFilter::doFilter()::Request params:[MESSAGE_INITIATER_ID=0542258808,COMM_ID=1234,APP_VERSION=1.43,SOURCE_ID=0500000000,SOURCE_LOCALE=en,DESTINATION_ID=0542258808,DESTINATION_CONTACT_NAME=Abubu,FILE_PATH_ON_SERVER=E:\Workspaces\MediaCallz_Server\sampleFiles\sample.mp4,SOURCE_WITH_EXTENSION=0500000000.mp4,SPECIAL_MEDIA_TYPE=CALLER_MEDIA,FILE_SIZE=19130092]
23.09.2016 [13:57:30]INFO   ::com.mediacallz.server.database.UsersDataAccessImpl::isRegistered()::[User]:0542258808 is REGISTERED
23.09.2016 [13:57:30]INFO   ::com.mediacallz.server.controllers.DownloadController::downloadFile()::0542258808 is requesting download from:0500000000. File path on server:E:\Workspaces\MediaCallz_Server\sampleFiles\sample.mp4...
23.09.2016 [13:57:30]INFO   ::com.mediacallz.server.controllers.DownloadController::initiateDownload()::MIME type: video/mp4
23.09.2016 [13:57:30]INFO   ::com.mediacallz.server.controllers.DownloadController::initiateDownload()::Initiating data send...
23.09.2016 [13:57:31]INFO   ::com.mediacallz.server.services.BatchPushSender::pushData()::Sending push data:{"push_time":"now","group_id":"general","recipients":{"install_ids":["abcdefg1234567"]},"message":{"title":"Media ready!","body":"Media for Abubu is ready!"},"priority":"high","gcm_collapse_key":{"enabled":false,"key":"default"},"custom_payload":"{\"pushEventAction\":\"TRANSFER_SUCCESS\",\"pushEventData\":\"{\\\"FILE_PATH_ON_SERVER\\\":\\\"E:\\\\\\\\Workspaces\\\\\\\\MediaCallz_Server\\\\\\\\sampleFiles\\\\\\\\sample.mp4\\\",\\\"APP_VERSION\\\":\\\"1.43\\\",\\\"SOURCE_LOCALE\\\":\\\"en\\\",\\\"SOURCE_WITH_EXTENSION\\\":\\\"0500000000.mp4\\\",\\\"SOURCE_ID\\\":\\\"0500000000\\\",\\\"DESTINATION_CONTACT_NAME\\\":\\\"Abubu\\\",\\\"SPECIAL_MEDIA_TYPE\\\":\\\"CALLER_MEDIA\\\",\\\"FILE_SIZE\\\":\\\"19130092\\\",\\\"COMM_ID\\\":\\\"1234\\\",\\\"DESTINATION_ID\\\":\\\"0542258808\\\",\\\"MESSAGE_INITIATER_ID\\\":\\\"0542258808\\\"}\"}"}
23.09.2016 [13:57:32]INFO   ::com.mediacallz.server.services.BatchPushSender::pushData()::Push response:{"token":"01d6416f-38b1-4a9b-b842-44035684bf28"}
24.09.2016 [22:04:32]INFO   ::com.mediacallz.server.filters.RequestLogFilter::doFilter()::Request params:[MESSAGE_INITIATER_ID=0542258808,COMM_ID=1234,APP_VERSION=1.43,SOURCE_ID=0500000000,SOURCE_LOCALE=en,DESTINATION_ID=0542258808,DESTINATION_CONTACT_NAME=Abubu,FILE_PATH_ON_SERVER=E:\Workspaces\MediaCallz_Server\sampleFiles\sample.mp4,SOURCE_WITH_EXTENSION=0500000000.mp4,SPECIAL_MEDIA_TYPE=CALLER_MEDIA,FILE_SIZE=19130092]
24.09.2016 [22:04:32]INFO   ::com.mediacallz.server.database.UsersDataAccessImpl::isRegistered()::[User]:0542258808 is REGISTERED
24.09.2016 [22:04:32]INFO   ::com.mediacallz.server.controllers.DownloadController::downloadFile()::0542258808 is requesting download from:0500000000. File path on server:E:\Workspaces\MediaCallz_Server\sampleFiles\sample.mp4...
24.09.2016 [22:04:32]INFO   ::com.mediacallz.server.controllers.DownloadController::initiateDownload()::MIME type: video/mp4
24.09.2016 [22:04:32]INFO   ::com.mediacallz.server.controllers.DownloadController::initiateDownload()::Initiating data send...
24.09.2016 [22:04:33]INFO   ::com.mediacallz.server.services.BatchPushSender::pushData()::Sending push data:{"push_time":"now","group_id":"general","recipients":{"install_ids":["abcdefg1234567"]},"message":{"title":"Media ready!","body":"Media for Abubu is ready!"},"priority":"high","gcm_collapse_key":{"enabled":false,"key":"default"},"custom_payload":"{\"pushEventAction\":\"TRANSFER_SUCCESS\",\"pushEventData\":\"{\\\"FILE_PATH_ON_SERVER\\\":\\\"E:\\\\\\\\Workspaces\\\\\\\\MediaCallz_Server\\\\\\\\sampleFiles\\\\\\\\sample.mp4\\\",\\\"APP_VERSION\\\":\\\"1.43\\\",\\\"SOURCE_LOCALE\\\":\\\"en\\\",\\\"SOURCE_WITH_EXTENSION\\\":\\\"0500000000.mp4\\\",\\\"SOURCE_ID\\\":\\\"0500000000\\\",\\\"DESTINATION_CONTACT_NAME\\\":\\\"Abubu\\\",\\\"SPECIAL_MEDIA_TYPE\\\":\\\"CALLER_MEDIA\\\",\\\"FILE_SIZE\\\":\\\"19130092\\\",\\\"COMM_ID\\\":\\\"1234\\\",\\\"DESTINATION_ID\\\":\\\"0542258808\\\",\\\"MESSAGE_INITIATER_ID\\\":\\\"0542258808\\\"}\"}"}
24.09.2016 [22:04:33]INFO   ::com.mediacallz.server.services.BatchPushSender::pushData()::Push response:{"token":"66699093-bf59-4bcf-8a38-69f53c32c894"}
24.09.2016 [22:06:27]INFO   ::com.mediacallz.server.filters.RequestLogFilter::doFilter()::Request params:[MESSAGE_INITIATER_ID=0542258808,COMM_ID=1234,APP_VERSION=1.43,SOURCE_ID=0500000000,SOURCE_LOCALE=en,DESTINATION_ID=0542258808,DESTINATION_CONTACT_NAME=Abubu,FILE_PATH_ON_SERVER=E:\Workspaces\MediaCallz_Server\sampleFiles\sample.mp4,SOURCE_WITH_EXTENSION=0500000000.mp4,SPECIAL_MEDIA_TYPE=CALLER_MEDIA,FILE_SIZE=19130092]
24.09.2016 [22:06:27]INFO   ::com.mediacallz.server.database.UsersDataAccessImpl::isRegistered()::[User]:0542258808 is REGISTERED
24.09.2016 [22:06:27]INFO   ::com.mediacallz.server.controllers.DownloadController::downloadFile()::0542258808 is requesting download from:0500000000. File path on server:E:\Workspaces\MediaCallz_Server\sampleFiles\sample.mp4...
24.09.2016 [22:06:27]INFO   ::com.mediacallz.server.controllers.DownloadController::initiateDownload()::MIME type: video/mp4
24.09.2016 [22:06:27]INFO   ::com.mediacallz.server.controllers.DownloadController::initiateDownload()::Initiating data send...
24.09.2016 [22:06:27]INFO   ::com.mediacallz.server.services.BatchPushSender::pushData()::Sending push data:{"push_time":"now","group_id":"general","recipients":{"install_ids":["abcdefg1234567"]},"message":{"title":"Media ready!","body":"Media for Abubu is ready!"},"priority":"high","gcm_collapse_key":{"enabled":false,"key":"default"},"custom_payload":"{\"pushEventAction\":\"TRANSFER_SUCCESS\",\"pushEventData\":\"{\\\"FILE_PATH_ON_SERVER\\\":\\\"E:\\\\\\\\Workspaces\\\\\\\\MediaCallz_Server\\\\\\\\sampleFiles\\\\\\\\sample.mp4\\\",\\\"APP_VERSION\\\":\\\"1.43\\\",\\\"SOURCE_LOCALE\\\":\\\"en\\\",\\\"SOURCE_WITH_EXTENSION\\\":\\\"0500000000.mp4\\\",\\\"SOURCE_ID\\\":\\\"0500000000\\\",\\\"DESTINATION_CONTACT_NAME\\\":\\\"Abubu\\\",\\\"SPECIAL_MEDIA_TYPE\\\":\\\"CALLER_MEDIA\\\",\\\"FILE_SIZE\\\":\\\"19130092\\\",\\\"COMM_ID\\\":\\\"1234\\\",\\\"DESTINATION_ID\\\":\\\"0542258808\\\",\\\"MESSAGE_INITIATER_ID\\\":\\\"0542258808\\\"}\"}"}
24.09.2016 [22:06:28]INFO   ::com.mediacallz.server.services.BatchPushSender::pushData()::Push response:{"token":"2aa9eb47-c396-43b8-ae74-2cf27cdac9ba"}
24.09.2016 [22:20:23]INFO   ::com.mediacallz.server.filters.RequestLogFilter::doFilter()::Request params:[MESSAGE_INITIATER_ID=0542258808,COMM_ID=1234,APP_VERSION=1.43,SOURCE_ID=0500000000,SOURCE_LOCALE=en,DESTINATION_ID=0542258808,DESTINATION_CONTACT_NAME=Abubu,FILE_PATH_ON_SERVER=E:\Workspaces\MediaCallz_Server\sampleFiles\sample.mp4,SOURCE_WITH_EXTENSION=0500000000.mp4,SPECIAL_MEDIA_TYPE=CALLER_MEDIA,FILE_SIZE=19130092]
24.09.2016 [22:20:23]INFO   ::com.mediacallz.server.database.UsersDataAccessImpl::isRegistered()::[User]:0542258808 is REGISTERED
24.09.2016 [22:20:23]INFO   ::com.mediacallz.server.controllers.DownloadController::downloadFile()::0542258808 is requesting download from:0500000000. File path on server:E:\Workspaces\MediaCallz_Server\sampleFiles\sample.mp4...
24.09.2016 [22:20:23]INFO   ::com.mediacallz.server.controllers.DownloadController::initiateDownload()::MIME type: video/mp4
24.09.2016 [22:20:23]INFO   ::com.mediacallz.server.controllers.DownloadController::initiateDownload()::Initiating data send...
24.09.2016 [22:21:27]SEVERE ::com.mediacallz.server.controllers.DownloadController::handleDownloadFailure()::User 0542258808 download request failed. Exception:java.io.IOException: An existing connection was forcibly closed by the remote host
24.09.2016 [22:21:27]SEVERE ::com.mediacallz.server.controllers.DownloadController::handleDownloadFailure()::Informing sender:0500000000 that file did not reach destination:0542258808
24.09.2016 [22:21:27]INFO   ::com.mediacallz.server.services.BatchPushSender::pushData()::Sending push data:{"push_time":"now","group_id":"general","recipients":{"install_ids":["abcdefg1234567"]},"message":{"title":"Media undelivered","body":"Oops! Abubu did not receive your media."},"priority":"high","gcm_collapse_key":{"enabled":false,"key":"default"},"custom_payload":"{\"pushEventAction\":\"SHOW_ERROR\",\"pushEventData\":\"{\\\"HTML_STRING\\\":\\\"Oops! \\\\u003cb\\\\u003e\\\\u003cfont color\\\\u003d\\\\\\\"#00FFFF\\\\\\\"\\\\u003eAbubu\\\\u003c/font\\\\u003e\\\\u003c/b\\\\u003e did not receive your media.\\\"}\"}"}
24.09.2016 [22:21:28]INFO   ::com.mediacallz.server.services.BatchPushSender::pushData()::Push response:{"token":"7a1cb0ae-1e08-4c23-be9c-0a8a40386c93"}
24.09.2016 [22:22:04]INFO   ::com.mediacallz.server.filters.RequestLogFilter::doFilter()::Request params:[MESSAGE_INITIATER_ID=0542258808,COMM_ID=1234,APP_VERSION=1.43,SOURCE_ID=0500000000,SOURCE_LOCALE=en,DESTINATION_ID=0542258808,DESTINATION_CONTACT_NAME=Abubu,FILE_PATH_ON_SERVER=E:\Workspaces\MediaCallz_Server\sampleFiles\sample.mp4,SOURCE_WITH_EXTENSION=0500000000.mp4,SPECIAL_MEDIA_TYPE=CALLER_MEDIA,FILE_SIZE=19130092]
24.09.2016 [22:22:04]INFO   ::com.mediacallz.server.database.UsersDataAccessImpl::isRegistered()::[User]:0542258808 is REGISTERED
24.09.2016 [22:22:04]INFO   ::com.mediacallz.server.controllers.DownloadController::downloadFile()::0542258808 is requesting download from:0500000000. File path on server:E:\Workspaces\MediaCallz_Server\sampleFiles\sample.mp4...
24.09.2016 [22:22:04]INFO   ::com.mediacallz.server.controllers.DownloadController::initiateDownload()::MIME type: video/mp4
24.09.2016 [22:22:04]INFO   ::com.mediacallz.server.controllers.DownloadController::initiateDownload()::Initiating data send...
24.09.2016 [22:22:44]SEVERE ::com.mediacallz.server.controllers.DownloadController::handleDownloadFailure()::User 0542258808 download request failed. Exception:java.io.IOException: An existing connection was forcibly closed by the remote host
24.09.2016 [22:22:44]SEVERE ::com.mediacallz.server.controllers.DownloadController::handleDownloadFailure()::Informing sender:0500000000 that file did not reach destination:0542258808
24.09.2016 [22:22:44]INFO   ::com.mediacallz.server.services.BatchPushSender::pushData()::Sending push data:{"push_time":"now","group_id":"general","recipients":{"install_ids":["abcdefg1234567"]},"message":{"title":"Media undelivered","body":"Oops! Abubu did not receive your media."},"priority":"high","gcm_collapse_key":{"enabled":false,"key":"default"},"custom_payload":"{\"pushEventAction\":\"SHOW_ERROR\",\"pushEventData\":\"{\\\"HTML_STRING\\\":\\\"Oops! \\\\u003cb\\\\u003e\\\\u003cfont color\\\\u003d\\\\\\\"#00FFFF\\\\\\\"\\\\u003eAbubu\\\\u003c/font\\\\u003e\\\\u003c/b\\\\u003e did not receive your media.\\\"}\"}"}
24.09.2016 [22:22:44]INFO   ::com.mediacallz.server.services.BatchPushSender::pushData()::Push response:{"token":"4b75dd79-df78-42ac-9050-94bfd3a0772c"}
24.09.2016 [22:23:47]INFO   ::com.mediacallz.server.filters.RequestLogFilter::doFilter()::Request params:[MESSAGE_INITIATER_ID=0542258808,COMM_ID=1234,APP_VERSION=1.43,SOURCE_ID=0500000000,SOURCE_LOCALE=en,DESTINATION_ID=0542258808,DESTINATION_CONTACT_NAME=Abubu,FILE_PATH_ON_SERVER=E:\Workspaces\MediaCallz_Server\sampleFiles\sample.mp4,SOURCE_WITH_EXTENSION=0500000000.mp4,SPECIAL_MEDIA_TYPE=CALLER_MEDIA,FILE_SIZE=19130092]
24.09.2016 [22:23:47]INFO   ::com.mediacallz.server.database.UsersDataAccessImpl::isRegistered()::[User]:0542258808 is REGISTERED
24.09.2016 [22:23:47]INFO   ::com.mediacallz.server.controllers.DownloadController::downloadFile()::0542258808 is requesting download from:0500000000. File path on server:E:\Workspaces\MediaCallz_Server\sampleFiles\sample.mp4...
24.09.2016 [22:23:47]INFO   ::com.mediacallz.server.controllers.DownloadController::initiateDownload()::MIME type: video/mp4
24.09.2016 [22:23:47]INFO   ::com.mediacallz.server.controllers.DownloadController::initiateDownload()::Initiating data send...
24.09.2016 [22:23:47]INFO   ::com.mediacallz.server.services.BatchPushSender::pushData()::Sending push data:{"push_time":"now","group_id":"general","recipients":{"install_ids":["abcdefg1234567"]},"message":{"title":"Media ready!","body":"Media for Abubu is ready!"},"priority":"high","gcm_collapse_key":{"enabled":false,"key":"default"},"custom_payload":"{\"pushEventAction\":\"TRANSFER_SUCCESS\",\"pushEventData\":\"{\\\"FILE_PATH_ON_SERVER\\\":\\\"E:\\\\\\\\Workspaces\\\\\\\\MediaCallz_Server\\\\\\\\sampleFiles\\\\\\\\sample.mp4\\\",\\\"APP_VERSION\\\":\\\"1.43\\\",\\\"SOURCE_LOCALE\\\":\\\"en\\\",\\\"SOURCE_WITH_EXTENSION\\\":\\\"0500000000.mp4\\\",\\\"SOURCE_ID\\\":\\\"0500000000\\\",\\\"DESTINATION_CONTACT_NAME\\\":\\\"Abubu\\\",\\\"SPECIAL_MEDIA_TYPE\\\":\\\"CALLER_MEDIA\\\",\\\"FILE_SIZE\\\":\\\"19130092\\\",\\\"COMM_ID\\\":\\\"1234\\\",\\\"DESTINATION_ID\\\":\\\"0542258808\\\",\\\"MESSAGE_INITIATER_ID\\\":\\\"0542258808\\\"}\"}"}
24.09.2016 [22:23:48]INFO   ::com.mediacallz.server.services.BatchPushSender::pushData()::Push response:{"token":"e8a3f212-22e0-437f-a2d8-2c873a8c8ee8"}
24.09.2016 [22:24:07]INFO   ::com.mediacallz.server.filters.RequestLogFilter::doFilter()::Request params:[MESSAGE_INITIATER_ID=0542258808,COMM_ID=1234,APP_VERSION=1.43,SOURCE_ID=0500000000,SOURCE_LOCALE=en,DESTINATION_ID=0542258808,DESTINATION_CONTACT_NAME=Abubu,FILE_PATH_ON_SERVER=E:\Workspaces\MediaCallz_Server\sampleFiles\sample.mp4,SOURCE_WITH_EXTENSION=0500000000.mp4,SPECIAL_MEDIA_TYPE=CALLER_MEDIA,FILE_SIZE=19130092]
24.09.2016 [22:24:07]INFO   ::com.mediacallz.server.database.UsersDataAccessImpl::isRegistered()::[User]:0542258808 is REGISTERED
24.09.2016 [22:24:07]INFO   ::com.mediacallz.server.controllers.DownloadController::downloadFile()::0542258808 is requesting download from:0500000000. File path on server:E:\Workspaces\MediaCallz_Server\sampleFiles\sample.mp4...
24.09.2016 [22:24:07]INFO   ::com.mediacallz.server.controllers.DownloadController::initiateDownload()::MIME type: video/mp4
24.09.2016 [22:24:07]INFO   ::com.mediacallz.server.controllers.DownloadController::initiateDownload()::Initiating data send...
24.09.2016 [22:24:24]SEVERE ::com.mediacallz.server.controllers.DownloadController::handleDownloadFailure()::User 0542258808 download request failed. Exception:java.io.IOException: An existing connection was forcibly closed by the remote host
24.09.2016 [22:24:24]SEVERE ::com.mediacallz.server.controllers.DownloadController::handleDownloadFailure()::Informing sender:0500000000 that file did not reach destination:0542258808
24.09.2016 [22:24:24]INFO   ::com.mediacallz.server.services.BatchPushSender::pushData()::Sending push data:{"push_time":"now","group_id":"general","recipients":{"install_ids":["abcdefg1234567"]},"message":{"title":"Media undelivered","body":"Oops! Abubu did not receive your media."},"priority":"high","gcm_collapse_key":{"enabled":false,"key":"default"},"custom_payload":"{\"pushEventAction\":\"SHOW_ERROR\",\"pushEventData\":\"{\\\"HTML_STRING\\\":\\\"Oops! \\\\u003cb\\\\u003e\\\\u003cfont color\\\\u003d\\\\\\\"#00FFFF\\\\\\\"\\\\u003eAbubu\\\\u003c/font\\\\u003e\\\\u003c/b\\\\u003e did not receive your media.\\\"}\"}"}
24.09.2016 [22:24:25]INFO   ::com.mediacallz.server.services.BatchPushSender::pushData()::Push response:{"token":"789888b5-1ca0-48d8-b412-3a2eec18e99a"}
24.09.2016 [22:27:13]INFO   ::com.mediacallz.server.filters.RequestLogFilter::doFilter()::Request params:[MESSAGE_INITIATER_ID=0542258808,COMM_ID=1234,APP_VERSION=1.43,SOURCE_ID=0500000000,SOURCE_LOCALE=en,DESTINATION_ID=0542258808,DESTINATION_CONTACT_NAME=Abubu,FILE_PATH_ON_SERVER=E:\Workspaces\MediaCallz_Server\sampleFiles\sample.mp4,SOURCE_WITH_EXTENSION=0500000000.mp4,SPECIAL_MEDIA_TYPE=CALLER_MEDIA,FILE_SIZE=19130092]
24.09.2016 [22:27:13]INFO   ::com.mediacallz.server.database.UsersDataAccessImpl::isRegistered()::[User]:0542258808 is REGISTERED
24.09.2016 [22:27:13]INFO   ::com.mediacallz.server.controllers.DownloadController::downloadFile()::0542258808 is requesting download from:0500000000. File path on server:E:\Workspaces\MediaCallz_Server\sampleFiles\sample.mp4...
24.09.2016 [22:27:13]INFO   ::com.mediacallz.server.controllers.DownloadController::initiateDownload()::MIME type: video/mp4
24.09.2016 [22:27:13]INFO   ::com.mediacallz.server.controllers.DownloadController::initiateDownload()::Initiating data send...
24.09.2016 [22:29:38]SEVERE ::com.mediacallz.server.controllers.DownloadController::handleDownloadFailure()::User 0542258808 download request failed. Exception:java.io.IOException: An existing connection was forcibly closed by the remote host
24.09.2016 [22:29:38]SEVERE ::com.mediacallz.server.controllers.DownloadController::handleDownloadFailure()::Informing sender:0500000000 that file did not reach destination:0542258808
24.09.2016 [22:29:38]INFO   ::com.mediacallz.server.services.BatchPushSender::pushData()::Sending push data:{"push_time":"now","group_id":"general","recipients":{"install_ids":["abcdefg1234567"]},"message":{"title":"Media undelivered","body":"Oops! Abubu did not receive your media."},"priority":"high","gcm_collapse_key":{"enabled":false,"key":"default"},"custom_payload":"{\"pushEventAction\":\"SHOW_ERROR\",\"pushEventData\":\"{\\\"HTML_STRING\\\":\\\"Oops! \\\\u003cb\\\\u003e\\\\u003cfont color\\\\u003d\\\\\\\"#00FFFF\\\\\\\"\\\\u003eAbubu\\\\u003c/font\\\\u003e\\\\u003c/b\\\\u003e did not receive your media.\\\"}\"}"}
24.09.2016 [22:29:39]INFO   ::com.mediacallz.server.services.BatchPushSender::pushData()::Push response:{"token":"f71f1a50-73d8-41c7-b048-92b11ffcd68d"}
24.09.2016 [22:33:41]INFO   ::com.mediacallz.server.filters.RequestLogFilter::doFilter()::Request params:[MESSAGE_INITIATER_ID=0542258808,COMM_ID=1234,APP_VERSION=1.43,SOURCE_ID=0500000000,SOURCE_LOCALE=en,DESTINATION_ID=0542258808,DESTINATION_CONTACT_NAME=Abubu,FILE_PATH_ON_SERVER=E:\Workspaces\MediaCallz_Server\sampleFiles\sample.mp4,SOURCE_WITH_EXTENSION=0500000000.mp4,SPECIAL_MEDIA_TYPE=CALLER_MEDIA,FILE_SIZE=19130092]
24.09.2016 [22:33:41]INFO   ::com.mediacallz.server.database.UsersDataAccessImpl::isRegistered()::[User]:0542258808 is REGISTERED
24.09.2016 [22:33:41]INFO   ::com.mediacallz.server.controllers.DownloadController::downloadFile()::0542258808 is requesting download from:0500000000. File path on server:E:\Workspaces\MediaCallz_Server\sampleFiles\sample.mp4...
24.09.2016 [22:33:41]INFO   ::com.mediacallz.server.controllers.DownloadController::initiateDownload()::MIME type: video/mp4
24.09.2016 [22:33:41]INFO   ::com.mediacallz.server.controllers.DownloadController::initiateDownload()::Initiating data send...
24.09.2016 [22:33:41]SEVERE ::com.mediacallz.server.controllers.DownloadController::handleDownloadFailure()::User 0542258808 download request failed. Exception:java.io.IOException: An established connection was aborted by the software in your host machine
24.09.2016 [22:33:41]SEVERE ::com.mediacallz.server.controllers.DownloadController::handleDownloadFailure()::Informing sender:0500000000 that file did not reach destination:0542258808
24.09.2016 [22:33:41]INFO   ::com.mediacallz.server.services.BatchPushSender::pushData()::Sending push data:{"push_time":"now","group_id":"general","recipients":{"install_ids":["abcdefg1234567"]},"message":{"title":"Media undelivered","body":"Oops! Abubu did not receive your media."},"priority":"high","gcm_collapse_key":{"enabled":false,"key":"default"},"custom_payload":"{\"pushEventAction\":\"SHOW_ERROR\",\"pushEventData\":\"{\\\"HTML_STRING\\\":\\\"Oops! \\\\u003cb\\\\u003e\\\\u003cfont color\\\\u003d\\\\\\\"#00FFFF\\\\\\\"\\\\u003eAbubu\\\\u003c/font\\\\u003e\\\\u003c/b\\\\u003e did not receive your media.\\\"}\"}"}
24.09.2016 [22:33:42]INFO   ::com.mediacallz.server.services.BatchPushSender::pushData()::Push response:{"token":"1584d387-c8eb-4d5e-9b60-1954499a5274"}
24.09.2016 [22:34:30]INFO   ::com.mediacallz.server.filters.RequestLogFilter::doFilter()::Request params:[MESSAGE_INITIATER_ID=0542258808,COMM_ID=1234,APP_VERSION=1.43,SOURCE_ID=0500000000,SOURCE_LOCALE=en,DESTINATION_ID=0542258808,DESTINATION_CONTACT_NAME=Abubu,FILE_PATH_ON_SERVER=E:\Workspaces\MediaCallz_Server\sampleFiles\sample.mp4,SOURCE_WITH_EXTENSION=0500000000.mp4,SPECIAL_MEDIA_TYPE=CALLER_MEDIA,FILE_SIZE=19130092]
24.09.2016 [22:34:30]INFO   ::com.mediacallz.server.database.UsersDataAccessImpl::isRegistered()::[User]:0542258808 is REGISTERED
24.09.2016 [22:34:30]INFO   ::com.mediacallz.server.controllers.DownloadController::downloadFile()::0542258808 is requesting download from:0500000000. File path on server:E:\Workspaces\MediaCallz_Server\sampleFiles\sample.mp4...
24.09.2016 [22:34:30]INFO   ::com.mediacallz.server.controllers.DownloadController::initiateDownload()::MIME type: video/mp4
24.09.2016 [22:34:30]INFO   ::com.mediacallz.server.controllers.DownloadController::initiateDownload()::Initiating data send...
24.09.2016 [22:34:30]INFO   ::com.mediacallz.server.services.BatchPushSender::pushData()::Sending push data:{"push_time":"now","group_id":"general","recipients":{"install_ids":["abcdefg1234567"]},"message":{"title":"Media ready!","body":"Media for Abubu is ready!"},"priority":"high","gcm_collapse_key":{"enabled":false,"key":"default"},"custom_payload":"{\"pushEventAction\":\"TRANSFER_SUCCESS\",\"pushEventData\":\"{\\\"FILE_PATH_ON_SERVER\\\":\\\"E:\\\\\\\\Workspaces\\\\\\\\MediaCallz_Server\\\\\\\\sampleFiles\\\\\\\\sample.mp4\\\",\\\"APP_VERSION\\\":\\\"1.43\\\",\\\"SOURCE_LOCALE\\\":\\\"en\\\",\\\"SOURCE_WITH_EXTENSION\\\":\\\"0500000000.mp4\\\",\\\"SOURCE_ID\\\":\\\"0500000000\\\",\\\"DESTINATION_CONTACT_NAME\\\":\\\"Abubu\\\",\\\"SPECIAL_MEDIA_TYPE\\\":\\\"CALLER_MEDIA\\\",\\\"FILE_SIZE\\\":\\\"19130092\\\",\\\"COMM_ID\\\":\\\"1234\\\",\\\"DESTINATION_ID\\\":\\\"0542258808\\\",\\\"MESSAGE_INITIATER_ID\\\":\\\"0542258808\\\"}\"}"}
24.09.2016 [22:34:30]INFO   ::com.mediacallz.server.services.BatchPushSender::pushData()::Push response:{"token":"1658d83f-81ca-418a-9d8b-c27bea998234"}
